2022-08-21 16:00:03 [North Info] Application exit
2022-08-22 21:38:21 [North Info] Application exit
2022-08-24 19:04:03 [North Error] Application abort, E:\Project\North\North\src\North\wwwroot\
   at Microsoft.Extensions.FileProviders.PhysicalFileProvider..ctor(String root, ExclusionFilters filters)
   at Microsoft.Extensions.FileProviders.PhysicalFileProvider..ctor(String root)
   at Microsoft.AspNetCore.Hosting.StaticWebAssets.StaticWebAssetsLoader.<>c.<UseStaticWebAssetsCore>b__1_0(String contentRoot)
   at Microsoft.AspNetCore.StaticWebAssets.ManifestStaticWebAssetFileProvider..ctor(StaticWebAssetManifest manifest, Func`2 fileProviderFactory)
   at Microsoft.AspNetCore.Hosting.StaticWebAssets.StaticWebAssetsLoader.UseStaticWebAssetsCore(IWebHostEnvironment environment, Stream manifest)
   at Microsoft.AspNetCore.Hosting.StaticWebAssets.StaticWebAssetsLoader.UseStaticWebAssets(IWebHostEnvironment environment, IConfiguration configuration)
   at Microsoft.AspNetCore.WebHost.<>c.<ConfigureWebDefaults>b__9_0(WebHostBuilderContext ctx, IConfigurationBuilder cb)
   at Microsoft.AspNetCore.Hosting.GenericWebHostBuilder.<>c__DisplayClass9_0.<ConfigureAppConfiguration>b__0(HostBuilderContext context, IConfigurationBuilder builder)
   at Microsoft.AspNetCore.Hosting.BootstrapHostBuilder.RunDefaultCallbacks(ConfigurationManager configuration, HostBuilder innerBuilder)
   at Microsoft.AspNetCore.Builder.WebApplicationBuilder..ctor(WebApplicationOptions options, Action`1 configureDefaults)
   at Microsoft.AspNetCore.Builder.WebApplication.CreateBuilder(String[] args)
   at Program.Main(String[] args) in E:\Project\North\North\src\North\Program.cs:line 282022-08-24 19:04:04 [North Info] Application exit
2022-08-25 02:42:12 [North Error] Application abort, 由于目标计算机积极拒绝，无法连接。 127.0.0.1:8888
   at System.Net.Sockets.Socket.DoConnect(EndPoint endPointSnapshot, SocketAddress socketAddress)
   at System.Net.Sockets.Socket.Connect(EndPoint remoteEP)
   at System.Net.Sockets.Socket.Connect(IPAddress address, Int32 port)
   at System.Net.Sockets.Socket.Connect(String host, Int32 port)
   at North.Core.Helper.AppMonitorHelper.DataRefreshTimerInit(Int32 refreshInterval) in E:\Project\North\src\North.Core\Helper\AppMonitorHelper.cs:line 39
   at North.Core.Helper.AppMonitorHelper.get_CpuUsage() in E:\Project\North\src\North.Core\Helper\AppMonitorHelper.cs:line 30
   at Program.Main(String[] args) in E:\Project\North\src\North\Program.cs:line 272022-08-25 02:42:12 [North Info] Application exit
2022-09-01 23:57:20 [North Info] () login success, id: 
2022-09-01 23:57:38 [North Info] Application exit
2022-09-02 00:01:45 [North Info] () login success, id: 
2022-09-02 00:02:15 [North Info] Krins(ljing431@163.com) logout success, id: f18c85ed43bb4e32aa9f3a429f7a3dae
2022-09-02 00:02:25 [North Info] Application exit
2022-09-02 00:15:39 [North Info] Krins(ljing431@163.com) login success, id: f18c85ed43bb4e32aa9f3a429f7a3dae
2022-09-02 00:15:46 [North Info] Krins(ljing431@163.com) logout success, id: f18c85ed43bb4e32aa9f3a429f7a3dae
2022-09-02 00:15:53 [North Info] Application exit
